[debug] [2021-10-20T19:51:16.352Z] ----------------------------------------------------------------------
[debug] [2021-10-20T19:51:16.355Z] Command:       /Users/JL/.nvm/versions/node/v10.13.0/bin/node /Users/JL/.nvm/versions/node/v10.13.0/bin/firebase init hosting
[debug] [2021-10-20T19:51:16.355Z] CLI Version:   9.20.0
[debug] [2021-10-20T19:51:16.355Z] Platform:      darwin
[debug] [2021-10-20T19:51:16.355Z] Node Version:  v10.13.0
[debug] [2021-10-20T19:51:16.376Z] Time:          Wed Oct 20 2021 15:51:16 GMT-0400 (Eastern Daylight Time)
[debug] [2021-10-20T19:51:16.376Z] ----------------------------------------------------------------------
[debug] 
[debug] [2021-10-20T19:51:16.386Z] >>> [apiv2][query] GET https://firebase-public.firebaseio.com/cli.json [none]
[debug] [2021-10-20T19:51:16.814Z] > command requires scopes: ["email","openid","https://www.googleapis.com/auth/cloudplatformprojects.readonly","https://www.googleapis.com/auth/firebase","https://www.googleapis.com/auth/cloud-platform"]
[debug] [2021-10-20T19:51:16.814Z] > authorizing via signed-in user (linjinglinjing123@gmail.com)
[info] 
     ######## #### ########  ######## ########     ###     ######  ########
     ##        ##  ##     ## ##       ##     ##  ##   ##  ##       ##
     ######    ##  ########  ######   ########  #########  ######  ######
     ##        ##  ##    ##  ##       ##     ## ##     ##       ## ##
     ##       #### ##     ## ######## ########  ##     ##  ######  ########

You're about to initialize a Firebase project in this directory:

  /Users/JL/capstone/newcapstone/percolate-capstone

Before we get started, keep in mind:

  * You are initializing within an existing Firebase project directory

[info] 
=== Project Setup
[info] 
[info] First, let's associate this project directory with a Firebase project.
[info] You can create multiple project aliases by running firebase use --add, 
[info] but for now we'll just set up a default project.
[info] 
[info] i  .firebaserc already has a default project, using percolate-1cebe. 
[debug] [2021-10-20T19:51:16.820Z] > refreshing access token with scopes: []
[debug] [2021-10-20T19:51:16.821Z] >>> HTTP REQUEST POST https://www.googleapis.com/oauth2/v3/token  
 <request body omitted>
[debug] [2021-10-20T19:51:16.919Z] <<< HTTP RESPONSE 200 {"cache-control":"no-cache, no-store, max-age=0, must-revalidate","date":"Wed, 20 Oct 2021 19:51:16 GMT","pragma":"no-cache","expires":"Mon, 01 Jan 1990 00:00:00 GMT","content-type":"application/json; charset=utf-8","vary":"X-Origin, Referer, Origin,Accept-Encoding","server":"scaffolding on HTTPServer2","x-xss-protection":"0","x-frame-options":"SAMEORIGIN","x-content-type-options":"nosniff","alt-svc":"h3=\":443\"; ma=2592000,h3-29=\":443\"; ma=2592000,h3-Q050=\":443\"; ma=2592000,h3-Q046=\":443\"; ma=2592000,h3-Q043=\":443\"; ma=2592000","accept-ranges":"none","transfer-encoding":"chunked"}
[debug] [2021-10-20T19:51:16.961Z] >>> [apiv2][query] GET https://firebase.googleapis.com/v1beta1/projects/percolate-1cebe [none]
[debug] [2021-10-20T19:51:16.969Z] <<< [apiv2][status] GET https://firebase-public.firebaseio.com/cli.json 200
[debug] [2021-10-20T19:51:16.970Z] <<< [apiv2][body] GET https://firebase-public.firebaseio.com/cli.json {"cloudBuildErrorAfter":1594252800000,"cloudBuildWarnAfter":1590019200000,"defaultNode10After":1594252800000,"minVersion":"3.0.5","node8DeploysDisabledAfter":1613390400000,"node8RuntimeDisabledAfter":1615809600000,"node8WarnAfter":1600128000000}
[debug] [2021-10-20T19:51:17.174Z] <<< [apiv2][status] GET https://firebase.googleapis.com/v1beta1/projects/percolate-1cebe 200
[debug] [2021-10-20T19:51:17.174Z] <<< [apiv2][body] GET https://firebase.googleapis.com/v1beta1/projects/percolate-1cebe {"projectId":"percolate-1cebe","projectNumber":"469055040970","displayName":"Percolate","name":"projects/percolate-1cebe","resources":{"hostingSite":"percolate-1cebe","storageBucket":"percolate-1cebe.appspot.com","locationId":"us-east1"},"state":"ACTIVE"}
[info] 
=== Hosting Setup
[info] 
[info] Your public directory is the folder (relative to your project directory) that
[info] will contain Hosting assets to be uploaded with firebase deploy. If you
[info] have a build process for your assets, use your build's output directory.
[info] 
[debug] [2021-10-20T19:52:12.126Z] >>> [apiv2][query] GET https://www.gstatic.com/firebasejs/releases.json [none]
[debug] [2021-10-20T19:52:12.164Z] <<< [apiv2][status] GET https://www.gstatic.com/firebasejs/releases.json 200
[debug] [2021-10-20T19:52:12.164Z] <<< [apiv2][body] GET https://www.gstatic.com/firebasejs/releases.json {"current":{"version":"9.1.3","browserURL":"https://www.gstatic.com/firebasejs/9.1.3/firebase.js","packageURL":"https://www.gstatic.com/firebasejs/9.1.3/firebase.tgz"},"live":{"version":"9.1","browserURL":"https://www.gstatic.com/firebasejs/live/9.1/firebase.js","packageURL":"https://www.gstatic.com/firebasejs/live/9.1/firebase.tgz"},"components":{"analytics":"https://www.gstatic.com/firebasejs/9.1.3/firebase-analytics.js","app":"https://www.gstatic.com/firebasejs/9.1.3/firebase-app.js","app-check":"https://www.gstatic.com/firebasejs/9.1.3/firebase-app-check.js","auth":"https://www.gstatic.com/firebasejs/9.1.3/firebase-auth.js","auth/cordova":"https://www.gstatic.com/firebasejs/9.1.3/firebase-auth/cordova.js","auth/react-native":"https://www.gstatic.com/firebasejs/9.1.3/firebase-auth/react-native.js","functions":"https://www.gstatic.com/firebasejs/9.1.3/firebase-functions.js","firestore":"https://www.gstatic.com/firebasejs/9.1.3/firebase-firestore.js","firestore/lite":"https://www.gstatic.com/firebasejs/9.1.3/firebase-firestore/lite.js","storage":"https://www.gstatic.com/firebasejs/9.1.3/firebase-storage.js","performance":"https://www.gstatic.com/firebasejs/9.1.3/firebase-performance.js","remote-config":"https://www.gstatic.com/firebasejs/9.1.3/firebase-remote-config.js","messaging":"https://www.gstatic.com/firebasejs/9.1.3/firebase-messaging.js","messaging/sw":"https://www.gstatic.com/firebasejs/9.1.3/firebase-messaging/sw.js","database":"https://www.gstatic.com/firebasejs/9.1.3/firebase-database.js","firestore.memory":"https://www.gstatic.com/firebasejs/9.1.3/firebase-firestore.memory.js"}}
[info] ✔  Wrote public/index.html 
[info] 
[info] i  Detected a .git folder at /Users/JL/capstone/newcapstone/percolate-capstone 
[info] i  Authorizing with GitHub to upload your service account to a GitHub repository's secrets store. 
[info] 
[info] Visit this URL on this device to log in:
[info] https://github.com/login/oauth/authorize?client_id=89cf50f02ac6aaed3484&state=311879144&redirect_uri=http%3A%2F%2Flocalhost%3A9005&scope=read%3Auser%20repo%20public_repo
[info] 
[info] Waiting for authentication...
[debug] [2021-10-20T19:52:23.434Z] >>> HTTP REQUEST POST https://github.com/login/oauth/access_token  
 {"client_id":"89cf50f02ac6aaed3484","client_secret":"3330d14abc895d9a74d5f17cd7a00711fa2c5bf0","code":"505b32fe1a7e6f76e35e","redirect_uri":"http://localhost:9005","state":"311879144"}
[debug] [2021-10-20T19:52:23.597Z] <<< HTTP RESPONSE 200 {"server":"GitHub.com","date":"Wed, 20 Oct 2021 19:52:23 GMT","content-type":"application/json; charset=utf-8","transfer-encoding":"chunked","vary":"X-PJAX, X-PJAX-Container, Accept-Encoding, Accept, X-Requested-With","permissions-policy":"interest-cohort=()","etag":"W/\"255196319fa98cd4605498fa0962735d\"","cache-control":"max-age=0, private, must-revalidate","strict-transport-security":"max-age=31536000; includeSubdomains; preload","x-frame-options":"deny","x-content-type-options":"nosniff","x-xss-protection":"0","referrer-policy":"origin-when-cross-origin, strict-origin-when-cross-origin","expect-ct":"max-age=2592000, report-uri=\"https://api.github.com/_private/browser/errors\"","content-security-policy":"default-src 'none'; base-uri 'self'; block-all-mixed-content; child-src github.com/assets-cdn/worker/ gist.github.com/assets-cdn/worker/; connect-src 'self' uploads.github.com objects-origin.githubusercontent.com www.githubstatus.com collector.githubapp.com api.github.com github-cloud.s3.amazonaws.com github-production-repository-file-5c1aeb.s3.amazonaws.com github-production-upload-manifest-file-7fdce7.s3.amazonaws.com github-production-user-asset-6210df.s3.amazonaws.com cdn.optimizely.com logx.optimizely.com/v1/events translator.github.com wss://alive.github.com; font-src github.githubassets.com; form-action 'self' github.com gist.github.com objects-origin.githubusercontent.com; frame-ancestors 'none'; frame-src render.githubusercontent.com viewscreen.githubusercontent.com; img-src 'self' data: github.githubassets.com identicons.github.com collector.githubapp.com github-cloud.s3.amazonaws.com secured-user-images.githubusercontent.com/ *.githubusercontent.com; manifest-src 'self'; media-src github.com user-images.githubusercontent.com/; script-src github.githubassets.com; style-src 'unsafe-inline' github.githubassets.com; worker-src github.com/assets-cdn/worker/ gist.github.com/assets-cdn/worker/","x-github-request-id":"EC67:0561:8731AC:10A9B2B:61707377"}
[debug] [2021-10-20T19:52:23.635Z] >>> [apiv2][query] GET https://api.github.com/user [none]
[debug] [2021-10-20T19:52:23.819Z] <<< [apiv2][status] GET https://api.github.com/user 200
[debug] [2021-10-20T19:52:23.819Z] <<< [apiv2][body] GET https://api.github.com/user {"login":"joey7614","id":20949032,"node_id":"MDQ6VXNlcjIwOTQ5MDMy","avatar_url":"https://avatars.githubusercontent.com/u/20949032?v=4","gravatar_id":"","url":"https://api.github.com/users/joey7614","html_url":"https://github.com/joey7614","followers_url":"https://api.github.com/users/joey7614/followers","following_url":"https://api.github.com/users/joey7614/following{/other_user}","gists_url":"https://api.github.com/users/joey7614/gists{/gist_id}","starred_url":"https://api.github.com/users/joey7614/starred{/owner}{/repo}","subscriptions_url":"https://api.github.com/users/joey7614/subscriptions","organizations_url":"https://api.github.com/users/joey7614/orgs","repos_url":"https://api.github.com/users/joey7614/repos","events_url":"https://api.github.com/users/joey7614/events{/privacy}","received_events_url":"https://api.github.com/users/joey7614/received_events","type":"User","site_admin":false,"name":"Jing Lin","company":null,"blog":"","location":null,"email":"linjinglinjing123@gmail.com","hireable":null,"bio":null,"twitter_username":null,"public_repos":12,"public_gists":0,"followers":0,"following":0,"created_at":"2016-08-10T12:31:44Z","updated_at":"2021-10-05T18:40:16Z","private_gists":0,"total_private_repos":50,"owned_private_repos":0,"disk_usage":238,"collaborators":0,"two_factor_authentication":true,"plan":{"name":"free","space":976562499,"collaborators":0,"private_repos":10000}}
[info] 
[info] ✔  Success! Logged into GitHub as joey7614 
[info] 
[debug] [2021-10-20T19:53:04.229Z] >>> [apiv2][query] GET https://api.github.com/repos/q/actions/secrets/public-key type=owner
[debug] [2021-10-20T19:53:04.381Z] <<< [apiv2][status] GET https://api.github.com/repos/q/actions/secrets/public-key 404
[debug] [2021-10-20T19:53:04.381Z] <<< [apiv2][body] GET https://api.github.com/repos/q/actions/secrets/public-key {"message":"Not Found","documentation_url":"https://docs.github.com/rest"}
[debug] [2021-10-20T19:53:05.003Z] >>> [apiv2][query] GET https://api.github.com/repos//actions/secrets/public-key type=owner
[debug] [2021-10-20T19:53:05.095Z] <<< [apiv2][status] GET https://api.github.com/repos//actions/secrets/public-key 404
[debug] [2021-10-20T19:53:05.095Z] <<< [apiv2][body] GET https://api.github.com/repos//actions/secrets/public-key {"message":"Not Found","documentation_url":"https://docs.github.com/rest"}
[debug] [2021-10-20T19:53:11.012Z] >>> [apiv2][query] GET https://api.github.com/repos/q/actions/secrets/public-key type=owner
[debug] [2021-10-20T19:53:11.104Z] <<< [apiv2][status] GET https://api.github.com/repos/q/actions/secrets/public-key 404
[debug] [2021-10-20T19:53:11.105Z] <<< [apiv2][body] GET https://api.github.com/repos/q/actions/secrets/public-key {"message":"Not Found","documentation_url":"https://docs.github.com/rest"}
